<?xml version="1.0" encoding="UTF-8"?>
<!-- Generated by org.testng.reporters.JUnitXMLReporter -->
<testsuite hostname="KSAKINAL-L-505" ignored="2" name="Test" tests="4" failures="0" timestamp="13 Apr 2017 14:30:37 GMT" time="15.481" errors="0">
  <testcase name="activeDataUsageVerification" time="3.588" classname="testcases.Subscription"/>
  <testcase name="sixSubscriptionsVerification" time="8.181" classname="testcases.Subscription"/>
  <testcase name="seventhSubscriptionVerification" time="1.357" classname="testcases.Subscription"/>
  <testcase name="dataExpirationVerificaton" time="1.486" classname="testcases.DataUsage"/>
  <testcase name="@BeforeSuite setUp" time="0.0" classname="base.BaseTest">
    <ignored/>
  </testcase> <!-- @BeforeSuite setUp -->
  <testcase name="@AfterSuite reportClose" time="0.0" classname="base.BaseTest">
    <ignored/>
  </testcase> <!-- @AfterSuite reportClose -->
</testsuite> <!-- Test -->
