<?xml version="1.0" encoding="UTF-8"?>
<!-- Generated by org.testng.reporters.JUnitXMLReporter -->
<testsuite hostname="KSAKINAL-L-505" ignored="2" name="Test" tests="4" failures="0" timestamp="13 Apr 2017 07:19:07 GMT" time="11.51" errors="0">
  <testcase name="activeDataUsageVerification" time="0.314" classname="testcases.Subscription"/>
  <testcase name="sixSubscriptionsVerification" time="7.926" classname="testcases.Subscription"/>
  <testcase name="seventhSubscriptionVerification" time="1.342" classname="testcases.Subscription"/>
  <testcase name="dataExpirationVerificaton" time="1.303" classname="testcases.DataUsage"/>
  <testcase name="@BeforeSuite setUp" time="0.0" classname="base.BaseTest">
    <ignored/>
  </testcase> <!-- @BeforeSuite setUp -->
  <testcase name="@AfterSuite reportClose" time="0.0" classname="base.BaseTest">
    <ignored/>
  </testcase> <!-- @AfterSuite reportClose -->
</testsuite> <!-- Test -->
