<?xml version="1.0" encoding="UTF-8"?>
<testng-results skipped="0" failed="0" ignored="2" total="6" passed="4">
  <reporter-output>
  </reporter-output>
  <suite name="Suite" duration-ms="36907" started-at="2017-04-12T15:45:30Z" finished-at="2017-04-12T15:46:07Z">
    <groups>
    </groups>
    <test name="Test" duration-ms="36907" started-at="2017-04-12T15:45:30Z" finished-at="2017-04-12T15:46:07Z">
      <class name="testcases.DataUsage">
        <test-method status="PASS" signature="logIn()[pri:0, instance:testcases.DataUsage@1604f19]" name="logIn" is-config="true" duration-ms="322" started-at="2017-04-12T21:16:03Z" finished-at="2017-04-12T21:16:03Z">
          <reporter-output>
          </reporter-output>
        </test-method> <!-- logIn -->
        <test-method status="PASS" signature="dataExpirationVerificaton()[pri:0, instance:testcases.DataUsage@1604f19]" name="dataExpirationVerificaton" duration-ms="4304" started-at="2017-04-12T21:16:03Z" finished-at="2017-04-12T21:16:07Z">
          <reporter-output>
          </reporter-output>
        </test-method> <!-- dataExpirationVerificaton -->
        <test-method status="PASS" signature="getResult(org.testng.ITestResult)[pri:0, instance:testcases.DataUsage@1604f19]" name="getResult" is-config="true" duration-ms="0" started-at="2017-04-12T21:16:07Z" finished-at="2017-04-12T21:16:07Z">
          <params>
            <param index="0">
              <value>
                <![CDATA[[TestResult name=dataExpirationVerificaton status=SUCCESS method=DataUsage.dataExpirationVerificaton()[pri:0, instance:testcases.DataUsage@1604f19] output={null}]]]>
              </value>
            </param>
          </params>
          <reporter-output>
          </reporter-output>
        </test-method> <!-- getResult -->
        <test-method status="PASS" signature="tearDown()[pri:0, instance:testcases.DataUsage@1604f19]" name="tearDown" is-config="true" duration-ms="38" started-at="2017-04-12T21:16:07Z" finished-at="2017-04-12T21:16:07Z">
          <reporter-output>
          </reporter-output>
        </test-method> <!-- tearDown -->
      </class> <!-- testcases.DataUsage -->
      <class name="testcases.Subscription">
        <test-method status="PASS" signature="setUp(java.lang.String)[pri:0, instance:testcases.Subscription@193948d]" name="setUp" is-config="true" duration-ms="23068" started-at="2017-04-12T21:15:07Z" finished-at="2017-04-12T21:15:30Z">
          <params>
            <param index="0">
              <value>
                <![CDATA[chrome]]>
              </value>
            </param>
          </params>
          <reporter-output>
          </reporter-output>
        </test-method> <!-- setUp -->
        <test-method status="PASS" signature="logIn()[pri:0, instance:testcases.Subscription@193948d]" name="logIn" is-config="true" duration-ms="325" started-at="2017-04-12T21:15:30Z" finished-at="2017-04-12T21:15:31Z">
          <reporter-output>
          </reporter-output>
        </test-method> <!-- logIn -->
        <test-method status="PASS" signature="activeDataUsageVerification()[pri:0, instance:testcases.Subscription@193948d]" name="activeDataUsageVerification" duration-ms="2169" started-at="2017-04-12T21:15:31Z" finished-at="2017-04-12T21:15:33Z">
          <reporter-output>
          </reporter-output>
        </test-method> <!-- activeDataUsageVerification -->
        <test-method status="PASS" signature="getResult(org.testng.ITestResult)[pri:0, instance:testcases.Subscription@193948d]" name="getResult" is-config="true" duration-ms="2" started-at="2017-04-12T21:15:33Z" finished-at="2017-04-12T21:15:33Z">
          <params>
            <param index="0">
              <value>
                <![CDATA[[TestResult name=activeDataUsageVerification status=SUCCESS method=Subscription.activeDataUsageVerification()[pri:0, instance:testcases.Subscription@193948d] output={null}]]]>
              </value>
            </param>
          </params>
          <reporter-output>
          </reporter-output>
        </test-method> <!-- getResult -->
        <test-method status="PASS" signature="sixSubscriptionsVerification()[pri:0, instance:testcases.Subscription@193948d]" name="sixSubscriptionsVerification" duration-ms="25445" started-at="2017-04-12T21:15:33Z" finished-at="2017-04-12T21:15:58Z">
          <reporter-output>
          </reporter-output>
        </test-method> <!-- sixSubscriptionsVerification -->
        <test-method status="PASS" signature="getResult(org.testng.ITestResult)[pri:0, instance:testcases.Subscription@193948d]" name="getResult" is-config="true" duration-ms="0" started-at="2017-04-12T21:15:58Z" finished-at="2017-04-12T21:15:58Z">
          <params>
            <param index="0">
              <value>
                <![CDATA[[TestResult name=sixSubscriptionsVerification status=SUCCESS method=Subscription.sixSubscriptionsVerification()[pri:0, instance:testcases.Subscription@193948d] output={null}]]]>
              </value>
            </param>
          </params>
          <reporter-output>
          </reporter-output>
        </test-method> <!-- getResult -->
        <test-method status="PASS" signature="seventhSubscriptionVerification()[pri:0, instance:testcases.Subscription@193948d]" name="seventhSubscriptionVerification" duration-ms="4191" started-at="2017-04-12T21:15:58Z" depends-on-methods="testcases.Subscription.sixSubscriptionsVerification" finished-at="2017-04-12T21:16:03Z">
          <reporter-output>
          </reporter-output>
        </test-method> <!-- seventhSubscriptionVerification -->
        <test-method status="PASS" signature="getResult(org.testng.ITestResult)[pri:0, instance:testcases.Subscription@193948d]" name="getResult" is-config="true" duration-ms="0" started-at="2017-04-12T21:16:03Z" finished-at="2017-04-12T21:16:03Z">
          <params>
            <param index="0">
              <value>
                <![CDATA[[TestResult name=seventhSubscriptionVerification status=SUCCESS method=Subscription.seventhSubscriptionVerification()[pri:0, instance:testcases.Subscription@193948d] output={null}]]]>
              </value>
            </param>
          </params>
          <reporter-output>
          </reporter-output>
        </test-method> <!-- getResult -->
        <test-method status="PASS" signature="tearDown()[pri:0, instance:testcases.Subscription@193948d]" name="tearDown" is-config="true" duration-ms="88" started-at="2017-04-12T21:16:03Z" finished-at="2017-04-12T21:16:03Z">
          <reporter-output>
          </reporter-output>
        </test-method> <!-- tearDown -->
        <test-method status="PASS" signature="reportClose()[pri:0, instance:testcases.Subscription@193948d]" name="reportClose" is-config="true" duration-ms="485" started-at="2017-04-12T21:16:07Z" finished-at="2017-04-12T21:16:08Z">
          <reporter-output>
          </reporter-output>
        </test-method> <!-- reportClose -->
      </class> <!-- testcases.Subscription -->
    </test> <!-- Test -->
  </suite> <!-- Suite -->
</testng-results>
